
2023-05-03 10:10:48: Direct Message with Unknown User: Philip#5161: help
2023-05-03 10:11:13: Direct Message with Unknown User: Philip#5161: help
2023-05-03 10:14:27: Direct Message with Unknown User: Philip#5161: hej
2023-05-03 10:14:30: Direct Message with Unknown User: Philip#5161: help
2023-05-03 10:23:42: chat: Jolle43_#4509: help
2023-05-03 10:23:49: chat: Jolle43_#4509: nejj
2023-05-03 10:25:13: chat: Philip#5161: help
2023-05-03 10:25:41: chat: Jolle43_#4509: ok
2023-05-03 10:26:54: Direct Message with Unknown User: Philip#5161: help
2023-05-03 10:28:21: Direct Message with Unknown User: Philip#5161: update
2023-05-03 10:28:32: chat: Jolle43_#4509: update
2023-05-03 10:29:03: Direct Message with Unknown User: Philip#5161: update
2023-05-03 10:29:26: chat: Jolle43_#4509: update
2023-05-03 10:32:10: Direct Message with Unknown User: Philip#5161: hej
2023-05-03 10:32:23: Direct Message with Unknown User: Philip#5161: hje
2023-05-03 10:32:24: Direct Message with Unknown User: Philip#5161: hje
2023-05-03 10:32:24: Direct Message with Unknown User: Philip#5161: hej
2023-05-03 10:32:56: Direct Message with Unknown User: Philip#5161: hej
2023-05-03 10:36:25: Direct Message with Unknown User: Philip#5161: hej
2023-05-03 10:37:06: Direct Message with Unknown User: Philip#5161: hej
2023-05-03 10:37:36: Direct Message with Unknown User: Philip#5161: hej
2023-05-03 10:39:22: Direct Message with Unknown User: Philip#5161: hej
2023-05-03 10:42:30: Direct Message with Unknown User: Philip#5161: hej
2023-05-03 10:42:30: Philip#5161: Authorized
2023-05-03 10:44:08: chat: PythonHermelin#1380: 
2023-05-03 10:44:08: PythonHermelin#1380: Authorized
2023-05-03 10:44:28: Direct Message with Unknown User: PythonHermelin#1380: hej
2023-05-03 10:44:28: PythonHermelin#1380: Authorized
2023-05-03 10:45:13: Direct Message with Unknown User: Philip#5161: he
2023-05-03 10:45:13: Philip#5161: Authorized